# JRE version: OpenJDK Runtime Environment (8.0_112-b06) (build 1.8.0_112-release-b06)
# Java VM: OpenJDK 64-Bit Server VM (25.112-b06 mixed mode windows-amd64 compressed oops)
Heap:
 PSYoungGen      total 401920K, used 201061K [0x00000000e0000000, 0x00000000ffb80000, 0x0000000100000000)
  eden space 294912K, 62% used [0x00000000e0000000,0x00000000eb511030,0x00000000f2000000)
  from space 107008K, 14% used [0x00000000f2000000,0x00000000f2f48470,0x00000000f8880000)
  to   space 105472K, 0% used [0x00000000f9480000,0x00000000f9480000,0x00000000ffb80000)
 ParOldGen       total 150016K, used 64789K [0x00000000a0000000, 0x00000000a9280000, 0x00000000e0000000)
  object space 150016K, 43% used [0x00000000a0000000,0x00000000a3f45608,0x00000000a9280000)
 Metaspace       used 82583K, capacity 91138K, committed 91264K, reserved 1130496K
  class space    used 10241K, capacity 11065K, committed 11136K, reserved 1048576K
GC Heap History (10 events):
Event: 20771.255 GC heap before
{Heap before GC invocations=103 (full 6):
 PSYoungGen      total 404992K, used 311222K [0x00000000e0000000, 0x00000000ffd80000, 0x0000000100000000)
  eden space 287232K, 100% used [0x00000000e0000000,0x00000000f1880000,0x00000000f1880000)
  from space 117760K, 20% used [0x00000000f8a80000,0x00000000fa1ed850,0x00000000ffd80000)
  to   space 116736K, 0% used [0x00000000f1880000,0x00000000f1880000,0x00000000f8a80000)
 ParOldGen       total 150016K, used 64781K [0x00000000a0000000, 0x00000000a9280000, 0x00000000e0000000)
  object space 150016K, 43% used [0x00000000a0000000,0x00000000a3f43608,0x00000000a9280000)
 Metaspace       used 82339K, capacity 90658K, committed 91008K, reserved 1128448K
  class space    used 10206K, capacity 11033K, committed 11136K, reserved 1048576K
Event: 20771.335 GC heap after
Heap after GC invocations=103 (full 6):
 PSYoungGen      total 403968K, used 13009K [0x00000000e0000000, 0x00000000ffe00000, 0x0000000100000000)
  eden space 287232K, 0% used [0x00000000e0000000,0x00000000e0000000,0x00000000f1880000)
  from space 116736K, 11% used [0x00000000f1880000,0x00000000f2534520,0x00000000f8a80000)
  to   space 116224K, 0% used [0x00000000f8c80000,0x00000000f8c80000,0x00000000ffe00000)
 ParOldGen       total 150016K, used 64781K [0x00000000a0000000, 0x00000000a9280000, 0x00000000e0000000)
  object space 150016K, 43% used [0x00000000a0000000,0x00000000a3f43608,0x00000000a9280000)
 Metaspace       used 82339K, capacity 90658K, committed 91008K, reserved 1128448K
  class space    used 10206K, capacity 11033K, committed 11136K, reserved 1048576K
}
Event: 21771.695 GC heap before
{Heap before GC invocations=104 (full 6):
 PSYoungGen      total 403968K, used 300241K [0x00000000e0000000, 0x00000000ffe00000, 0x0000000100000000)
  eden space 287232K, 100% used [0x00000000e0000000,0x00000000f1880000,0x00000000f1880000)
  from space 116736K, 11% used [0x00000000f1880000,0x00000000f2534520,0x00000000f8a80000)
  to   space 116224K, 0% used [0x00000000f8c80000,0x00000000f8c80000,0x00000000ffe00000)
 ParOldGen       total 150016K, used 64781K [0x00000000a0000000, 0x00000000a9280000, 0x00000000e0000000)
  object space 150016K, 43% used [0x00000000a0000000,0x00000000a3f43608,0x00000000a9280000)
 Metaspace       used 82362K, capacity 90658K, committed 91008K, reserved 1128448K
  class space    used 10208K, capacity 11033K, committed 11136K, reserved 1048576K
Event: 21771.809 GC heap after
Heap after GC invocations=104 (full 6):
 PSYoungGen      total 406528K, used 11121K [0x00000000e0000000, 0x00000000ffd80000, 0x0000000100000000)
  eden space 290816K, 0% used [0x00000000e0000000,0x00000000e0000000,0x00000000f1c00000)
  from space 115712K, 9% used [0x00000000f8c80000,0x00000000f975c590,0x00000000ffd80000)
  to   space 115200K, 0% used [0x00000000f1c00000,0x00000000f1c00000,0x00000000f8c80000)
 ParOldGen       total 150016K, used 64781K [0x00000000a0000000, 0x00000000a9280000, 0x00000000e0000000)
  object space 150016K, 43% used [0x00000000a0000000,0x00000000a3f43608,0x00000000a9280000)
 Metaspace       used 82362K, capacity 90658K, committed 91008K, reserved 1128448K
  class space    used 10208K, capacity 11033K, committed 11136K, reserved 1048576K
}
Event: 21784.075 GC heap before
{Heap before GC invocations=105 (full 6):
 PSYoungGen      total 406528K, used 301937K [0x00000000e0000000, 0x00000000ffd80000, 0x0000000100000000)
  eden space 290816K, 100% used [0x00000000e0000000,0x00000000f1c00000,0x00000000f1c00000)
  from space 115712K, 9% used [0x00000000f8c80000,0x00000000f975c590,0x00000000ffd80000)
  to   space 115200K, 0% used [0x00000000f1c00000,0x00000000f1c00000,0x00000000f8c80000)
 ParOldGen       total 150016K, used 64781K [0x00000000a0000000, 0x00000000a9280000, 0x00000000e0000000)
  object space 150016K, 43% used [0x00000000a0000000,0x00000000a3f43608,0x00000000a9280000)
 Metaspace       used 82417K, capacity 90874K, committed 91264K, reserved 1130496K
  class space    used 10217K, capacity 11041K, committed 11136K, reserved 1048576K
Event: 21784.755 GC heap after
Heap after GC invocations=105 (full 6):
 PSYoungGen      total 330752K, used 39855K [0x00000000e0000000, 0x00000000ff280000, 0x0000000100000000)
  eden space 290816K, 0% used [0x00000000e0000000,0x00000000e0000000,0x00000000f1c00000)
  from space 39936K, 99% used [0x00000000f1c00000,0x00000000f42ebf08,0x00000000f4300000)
  to   space 108544K, 0% used [0x00000000f8880000,0x00000000f8880000,0x00000000ff280000)
 ParOldGen       total 150016K, used 64789K [0x00000000a0000000, 0x00000000a9280000, 0x00000000e0000000)
  object space 150016K, 43% used [0x00000000a0000000,0x00000000a3f45608,0x00000000a9280000)
 Metaspace       used 82417K, capacity 90874K, committed 91264K, reserved 1130496K
  class space    used 10217K, capacity 11041K, committed 11136K, reserved 1048576K
}
Event: 21915.895 GC heap before
{Heap before GC invocations=106 (full 6):
 PSYoungGen      total 330752K, used 330671K [0x00000000e0000000, 0x00000000ff280000, 0x0000000100000000)
  eden space 290816K, 100% used [0x00000000e0000000,0x00000000f1c00000,0x00000000f1c00000)
  from space 39936K, 99% used [0x00000000f1c00000,0x00000000f42ebf08,0x00000000f4300000)
  to   space 108544K, 0% used [0x00000000f8880000,0x00000000f8880000,0x00000000ff280000)
 ParOldGen       total 150016K, used 64789K [0x00000000a0000000, 0x00000000a9280000, 0x00000000e0000000)
  object space 150016K, 43% used [0x00000000a0000000,0x00000000a3f45608,0x00000000a9280000)
 Metaspace       used 82455K, capacity 90962K, committed 91264K, reserved 1130496K
  class space    used 10224K, capacity 11049K, committed 11136K, reserved 1048576K
Event: 21917.311 GC heap after
Heap after GC invocations=106 (full 6):
 PSYoungGen      total 403456K, used 56969K [0x00000000e0000000, 0x0000000100000000, 0x0000000100000000)
  eden space 294912K, 0% used [0x00000000e0000000,0x00000000e0000000,0x00000000f2000000)
  from space 108544K, 52% used [0x00000000f8880000,0x00000000fc0226a0,0x00000000ff280000)
  to   space 107008K, 0% used [0x00000000f2000000,0x00000000f2000000,0x00000000f8880000)
 ParOldGen       total 150016K, used 64789K [0x00000000a0000000, 0x00000000a9280000, 0x00000000e0000000)
  object space 150016K, 43% used [0x00000000a0000000,0x00000000a3f45608,0x00000000a9280000)
 Metaspace       used 82455K, capacity 90962K, committed 91264K, reserved 1130496K
  class space    used 10224K, capacity 11049K, committed 11136K, reserved 1048576K
}
Event: 22061.693 GC heap before
{Heap before GC invocations=107 (full 6):
 PSYoungGen      total 403456K, used 351881K [0x00000000e0000000, 0x0000000100000000, 0x0000000100000000)
  eden space 294912K, 100% used [0x00000000e0000000,0x00000000f2000000,0x00000000f2000000)
  from space 108544K, 52% used [0x00000000f8880000,0x00000000fc0226a0,0x00000000ff280000)
  to   space 107008K, 0% used [0x00000000f2000000,0x00000000f2000000,0x00000000f8880000)
 ParOldGen       total 150016K, used 64789K [0x00000000a0000000, 0x00000000a9280000, 0x00000000e0000000)
  object space 150016K, 43% used [0x00000000a0000000,0x00000000a3f45608,0x00000000a9280000)
 Metaspace       used 82583K, capacity 91138K, committed 91264K, reserved 1130496K
  class space    used 10241K, capacity 11065K, committed 11136K, reserved 1048576K
Event: 22061.771 GC heap after
Heap after GC invocations=107 (full 6):
 PSYoungGen      total 401920K, used 15649K [0x00000000e0000000, 0x00000000ffb80000, 0x0000000100000000)
  eden space 294912K, 0% used [0x00000000e0000000,0x00000000e0000000,0x00000000f2000000)
  from space 107008K, 14% used [0x00000000f2000000,0x00000000f2f48470,0x00000000f8880000)
  to   space 105472K, 0% used [0x00000000f9480000,0x00000000f9480000,0x00000000ffb80000)
 ParOldGen       total 150016K, used 64789K [0x00000000a0000000, 0x00000000a9280000, 0x00000000e0000000)
  object space 150016K, 43% used [0x00000000a0000000,0x00000000a3f45608,0x00000000a9280000)
 Metaspace       used 82583K, capacity 91138K, committed 91264K, reserved 1130496K
  class space    used 10241K, capacity 11065K, committed 11136K, reserved 1048576K
}

